<?xml version="1.0" encoding="UTF-8"?>
<!-- Generated by org.testng.reporters.JUnitReportReporter -->
<testsuite hostname="IN-PG02NJPN" failures="0" tests="1" name="ExitTest.Selenium.TestCases.SearchProductTest" time="33.667" errors="0" timestamp="2023-01-10T03:06:17 IST" skipped="0">
  <testcase classname="ExitTest.Selenium.TestCases.SearchProductTest" name="searchItem" time="33.667"/>
  <system-out/>
</testsuite> <!-- ExitTest.Selenium.TestCases.SearchProductTest -->
