<?xml version="1.0" encoding="UTF-8"?>
<!-- Generated by org.testng.reporters.JUnitReportReporter -->
<testsuite hostname="IN-PG02NJPN" failures="0" tests="3" name="ExitTest.Selenium.TestCases.CartTest" time="105.400" errors="0" timestamp="2023-01-10T03:06:17 IST" skipped="0">
  <testcase classname="ExitTest.Selenium.TestCases.CartTest" name="viewCart" time="33.485"/>
  <system-out/>
  <testcase classname="ExitTest.Selenium.TestCases.CartTest" name="placeOrder" time="36.643"/>
  <system-out/>
  <testcase classname="ExitTest.Selenium.TestCases.CartTest" name="removeFromCart" time="35.272"/>
  <system-out/>
</testsuite> <!-- ExitTest.Selenium.TestCases.CartTest -->
