<?xml version="1.0" encoding="UTF-8"?>
<!-- Generated by org.testng.reporters.JUnitReportReporter -->
<testsuite hostname="IN-PG02NJPN" failures="0" tests="2" name="ExitTest.Selenium.TestCases.DownloadAppTest" time="83.193" errors="0" timestamp="2023-01-10T03:06:17 IST" skipped="0">
  <testcase classname="ExitTest.Selenium.TestCases.DownloadAppTest" name="appStoreDownload" time="43.602"/>
  <system-out/>
  <testcase classname="ExitTest.Selenium.TestCases.DownloadAppTest" name="playStoreDownload" time="39.591"/>
  <system-out/>
</testsuite> <!-- ExitTest.Selenium.TestCases.DownloadAppTest -->
