<?xml version="1.0" encoding="UTF-8"?>
<!-- Generated by org.testng.reporters.JUnitReportReporter -->
<testsuite hostname="IN-PG02NJPN" failures="0" tests="2" name="ExitTest.Selenium.TestCases.BuyProductTest" time="43.015" errors="0" timestamp="2023-01-10T03:06:17 IST" skipped="0">
  <testcase classname="ExitTest.Selenium.TestCases.BuyProductTest" name="buyProduct" time="39.087"/>
  <system-out/>
  <testcase classname="ExitTest.Selenium.TestCases.BuyProductTest" name="addToCart" time="3.928"/>
  <system-out/>
</testsuite> <!-- ExitTest.Selenium.TestCases.BuyProductTest -->
