<?xml version="1.0" encoding="UTF-8"?>
<!-- Generated by org.testng.reporters.JUnitReportReporter -->
<testsuite hostname="IN-PG02NJPN" failures="0" tests="2" name="ExitTest.Selenium.TestCases.SellerTest" time="74.366" errors="0" timestamp="2023-01-10T03:06:17 IST" skipped="0">
  <testcase classname="ExitTest.Selenium.TestCases.SellerTest" name="becomeSeller" time="32.878"/>
  <system-out/>
  <testcase classname="ExitTest.Selenium.TestCases.SellerTest" name="sellerLogin" time="41.488"/>
  <system-out/>
</testsuite> <!-- ExitTest.Selenium.TestCases.SellerTest -->
