<?xml version="1.0" encoding="UTF-8"?>
<!-- Generated by org.testng.reporters.JUnitReportReporter -->
<testsuite hostname="IN-PG02NJPN" failures="0" tests="4" name="ExitTest.Selenium.TestCases.FlipkartPlusTest" time="50.779" errors="0" timestamp="2023-01-10T03:06:17 IST" skipped="0">
  <testcase classname="ExitTest.Selenium.TestCases.FlipkartPlusTest" name="coinBalance" time="34.345"/>
  <system-out/>
  <testcase classname="ExitTest.Selenium.TestCases.FlipkartPlusTest" name="viewRewards" time="4.470"/>
  <system-out/>
  <testcase classname="ExitTest.Selenium.TestCases.FlipkartPlusTest" name="viewClaimedRewards" time="6.909"/>
  <system-out/>
  <testcase classname="ExitTest.Selenium.TestCases.FlipkartPlusTest" name="viewExclusiveOffers" time="5.055"/>
  <system-out/>
</testsuite> <!-- ExitTest.Selenium.TestCases.FlipkartPlusTest -->
