<?xml version="1.0" encoding="UTF-8"?>
<!-- Generated by org.testng.reporters.JUnitReportReporter -->
<testsuite hostname="IN-PG02NJPN" failures="0" tests="2" name="ExitTest.Selenium.TestCases.LoginTest" time="46.851" errors="0" timestamp="2023-01-10T03:06:17 IST" skipped="1">
  <testcase classname="ExitTest.Selenium.TestCases.LoginTest" name="invalidLogin" time="46.851"/>
  <system-out/>
  <testcase classname="ExitTest.Selenium.TestCases.LoginTest" name="validLogin">
    <skipped/>
  </testcase> <!-- validLogin -->
  <system-out/>
</testsuite> <!-- ExitTest.Selenium.TestCases.LoginTest -->
